Determining if the pthread_create exist failed with the following output:
Change Dir: /home/musaup/Documents/Research/Platooning-F1Tenth/build/CMakeFiles/CMakeTmp

Run Build Command:"/usr/bin/make" "cmTC_61593/fast"
/usr/bin/make -f CMakeFiles/cmTC_61593.dir/build.make CMakeFiles/cmTC_61593.dir/build
make[1]: Entering directory '/home/musaup/Documents/Research/Platooning-F1Tenth/build/CMakeFiles/CMakeTmp'
Building C object CMakeFiles/cmTC_61593.dir/CheckSymbolExists.c.o
/usr/bin/cc     -o CMakeFiles/cmTC_61593.dir/CheckSymbolExists.c.o   -c /home/musaup/Documents/Research/Platooning-F1Tenth/build/CMakeFiles/CMakeTmp/CheckSymbolExists.c
Linking C executable cmTC_61593
/usr/bin/cmake -E cmake_link_script CMakeFiles/cmTC_61593.dir/link.txt --verbose=1
/usr/bin/cc       CMakeFiles/cmTC_61593.dir/CheckSymbolExists.c.o  -o cmTC_61593 -rdynamic 
CMakeFiles/cmTC_61593.dir/CheckSymbolExists.c.o: In function `main':
CheckSymbolExists.c:(.text+0x16): undefined reference to `pthread_create'
collect2: error: ld returned 1 exit status
CMakeFiles/cmTC_61593.dir/build.make:97: recipe for target 'cmTC_61593' failed
make[1]: *** [cmTC_61593] Error 1
make[1]: Leaving directory '/home/musaup/Documents/Research/Platooning-F1Tenth/build/CMakeFiles/CMakeTmp'
Makefile:126: recipe for target 'cmTC_61593/fast' failed
make: *** [cmTC_61593/fast] Error 2

File /home/musaup/Documents/Research/Platooning-F1Tenth/build/CMakeFiles/CMakeTmp/CheckSymbolExists.c:
/* */
#include <pthread.h>

int main(int argc, char** argv)
{
  (void)argv;
#ifndef pthread_create
  return ((int*)(&pthread_create))[argc];
#else
  (void)argc;
  return 0;
#endif
}

Determining if the function pthread_create exists in the pthreads failed with the following output:
Change Dir: /home/musaup/Documents/Research/Platooning-F1Tenth/build/CMakeFiles/CMakeTmp

Run Build Command:"/usr/bin/make" "cmTC_c5495/fast"
/usr/bin/make -f CMakeFiles/cmTC_c5495.dir/build.make CMakeFiles/cmTC_c5495.dir/build
make[1]: Entering directory '/home/musaup/Documents/Research/Platooning-F1Tenth/build/CMakeFiles/CMakeTmp'
Building C object CMakeFiles/cmTC_c5495.dir/CheckFunctionExists.c.o
/usr/bin/cc    -DCHECK_FUNCTION_EXISTS=pthread_create   -o CMakeFiles/cmTC_c5495.dir/CheckFunctionExists.c.o   -c /usr/share/cmake-3.5/Modules/CheckFunctionExists.c
Linking C executable cmTC_c5495
/usr/bin/cmake -E cmake_link_script CMakeFiles/cmTC_c5495.dir/link.txt --verbose=1
/usr/bin/cc   -DCHECK_FUNCTION_EXISTS=pthread_create    CMakeFiles/cmTC_c5495.dir/CheckFunctionExists.c.o  -o cmTC_c5495 -rdynamic -lpthreads 
/usr/bin/ld: cannot find -lpthreads
collect2: error: ld returned 1 exit status
CMakeFiles/cmTC_c5495.dir/build.make:97: recipe for target 'cmTC_c5495' failed
make[1]: *** [cmTC_c5495] Error 1
make[1]: Leaving directory '/home/musaup/Documents/Research/Platooning-F1Tenth/build/CMakeFiles/CMakeTmp'
Makefile:126: recipe for target 'cmTC_c5495/fast' failed
make: *** [cmTC_c5495/fast] Error 2


